Start testing: Feb 06 09:45 GMT Standard Time
----------------------------------------------------------
1/6 Testing: init
1/6 Test: init
Command: "C:/Users/alist/OneDrive/Documents/Github/fifo_buffer/build/init.exe"
Directory: C:/Users/alist/OneDrive/Documents/Github/fifo_buffer/build
"init" start time: Feb 06 09:45 GMT Standard Time
Output:
----------------------------------------------------------
<end of output>
Test time =   0.18 sec
----------------------------------------------------------
Test Passed.
"init" end time: Feb 06 09:45 GMT Standard Time
"init" time elapsed: 00:00:00
----------------------------------------------------------

2/6 Testing: simple_increment
2/6 Test: simple_increment
Command: "C:/Users/alist/OneDrive/Documents/Github/fifo_buffer/build/simple_increment.exe"
Directory: C:/Users/alist/OneDrive/Documents/Github/fifo_buffer/build
"simple_increment" start time: Feb 06 09:45 GMT Standard Time
Output:
----------------------------------------------------------
<end of output>
Test time =   0.13 sec
----------------------------------------------------------
Test Passed.
"simple_increment" end time: Feb 06 09:45 GMT Standard Time
"simple_increment" time elapsed: 00:00:00
----------------------------------------------------------

3/6 Testing: check_wrap_around
3/6 Test: check_wrap_around
Command: "C:/Users/alist/OneDrive/Documents/Github/fifo_buffer/build/check_wrap_around.exe"
Directory: C:/Users/alist/OneDrive/Documents/Github/fifo_buffer/build
"check_wrap_around" start time: Feb 06 09:45 GMT Standard Time
Output:
----------------------------------------------------------
set pointer to last position then increment to check for wrap around
002BAAE0
002BA6E0
002BA6E0
<end of output>
Test time =   0.10 sec
----------------------------------------------------------
Test Passed.
"check_wrap_around" end time: Feb 06 09:45 GMT Standard Time
"check_wrap_around" time elapsed: 00:00:00
----------------------------------------------------------

4/6 Testing: check_buffer_full
4/6 Test: check_buffer_full
Command: "C:/Users/alist/OneDrive/Documents/Github/fifo_buffer/build/check_wrap_around.exe"
Directory: C:/Users/alist/OneDrive/Documents/Github/fifo_buffer/build
"check_buffer_full" start time: Feb 06 09:45 GMT Standard Time
Output:
----------------------------------------------------------
set pointer to last position then increment to check for wrap around
002BAAE0
002BA6E0
002BA6E0
<end of output>
Test time =   0.07 sec
----------------------------------------------------------
Test Passed.
"check_buffer_full" end time: Feb 06 09:45 GMT Standard Time
"check_buffer_full" time elapsed: 00:00:00
----------------------------------------------------------

5/6 Testing: check_buf_len_1
5/6 Test: check_buf_len_1
Command: "C:/Users/alist/OneDrive/Documents/Github/fifo_buffer/build/check_buf_len_1.exe"
Directory: C:/Users/alist/OneDrive/Documents/Github/fifo_buffer/build
"check_buf_len_1" start time: Feb 06 09:45 GMT Standard Time
Output:
----------------------------------------------------------
002AA6A8
002AA6A0
<end of output>
Test time =   0.07 sec
----------------------------------------------------------
Test Passed.
"check_buf_len_1" end time: Feb 06 09:45 GMT Standard Time
"check_buf_len_1" time elapsed: 00:00:00
----------------------------------------------------------

6/6 Testing: check_buf_len_2
6/6 Test: check_buf_len_2
Command: "C:/Users/alist/OneDrive/Documents/Github/fifo_buffer/build/check_buf_len_2.exe"
Directory: C:/Users/alist/OneDrive/Documents/Github/fifo_buffer/build
"check_buf_len_2" start time: Feb 06 09:45 GMT Standard Time
Output:
----------------------------------------------------------
007CA6A8
007CA6A0
<end of output>
Test time =   0.04 sec
----------------------------------------------------------
Test Passed.
"check_buf_len_2" end time: Feb 06 09:45 GMT Standard Time
"check_buf_len_2" time elapsed: 00:00:00
----------------------------------------------------------

End testing: Feb 06 09:45 GMT Standard Time
