<?xml version="1.0" encoding="UTF-8"?>
<Site BuildName="Win32-nmake"
	BuildStamp="20230206-0931-Experimental"
	Name="Ali"
	Generator="ctest-3.25.1"
	CompilerName="C:/Program Files (x86)/Microsoft Visual Studio/2022/BuildTools/VC/Tools/MSVC/14.33.31629/bin/Hostx86/x86/cl.exe"
	CompilerVersion="19.33.31630.0"
	OSName="Windows"
	Hostname="Ali"
	OSRelease=" Personal"
	OSVersion=" (Build 22621)"
	OSPlatform="AMD64"
	Is64Bits="1"
	VendorString="AuthenticAMD"
	VendorID="Advanced Micro Devices"
	FamilyID="15"
	ModelID="0"
	ProcessorCacheSize="64"
	NumberOfLogicalCPU="16"
	NumberOfPhysicalCPU="8"
	TotalVirtualMemory="14956"
	TotalPhysicalMemory="8044"
	LogicalProcessorsPerPhysical="2"
	ProcessorClockFrequency="3193"
	>
	<Testing>
		<StartDateTime>Feb 06 09:45 GMT Standard Time</StartDateTime>
		<StartTestTime>1675676722</StartTestTime>
		<TestList>
			<Test>./init</Test>
			<Test>./simple_increment</Test>
			<Test>./check_wrap_around</Test>
			<Test>./check_buffer_full</Test>
			<Test>./check_buf_len_1</Test>
			<Test>./check_buf_len_2</Test>
		</TestList>
		<Test Status="passed">
			<Name>init</Name>
			<Path>.</Path>
			<FullName>./init</FullName>
			<FullCommandLine>C:\Users\alist\OneDrive\Documents\Github\fifo_buffer\build\init.exe</FullCommandLine>
			<Results>
				<NamedMeasurement type="numeric/double" name="Execution Time">
					<Value>0.177225</Value>
				</NamedMeasurement>
				<NamedMeasurement type="numeric/double" name="Processors">
					<Value>1</Value>
				</NamedMeasurement>
				<NamedMeasurement type="text/string" name="Completion Status">
					<Value>Completed</Value>
				</NamedMeasurement>
				<NamedMeasurement type="text/string" name="Command Line">
					<Value>C:\Users\alist\OneDrive\Documents\Github\fifo_buffer\build\init.exe</Value>
				</NamedMeasurement>
				<NamedMeasurement type="text/string" name="Environment">
					<Value>#CTEST_RESOURCE_GROUP_COUNT=</Value>
				</NamedMeasurement>
				<Measurement>
					<Value></Value>
				</Measurement>
			</Results>
		</Test>
		<Test Status="passed">
			<Name>simple_increment</Name>
			<Path>.</Path>
			<FullName>./simple_increment</FullName>
			<FullCommandLine>C:\Users\alist\OneDrive\Documents\Github\fifo_buffer\build\simple_increment.exe</FullCommandLine>
			<Results>
				<NamedMeasurement type="numeric/double" name="Execution Time">
					<Value>0.134884</Value>
				</NamedMeasurement>
				<NamedMeasurement type="numeric/double" name="Processors">
					<Value>1</Value>
				</NamedMeasurement>
				<NamedMeasurement type="text/string" name="Completion Status">
					<Value>Completed</Value>
				</NamedMeasurement>
				<NamedMeasurement type="text/string" name="Command Line">
					<Value>C:\Users\alist\OneDrive\Documents\Github\fifo_buffer\build\simple_increment.exe</Value>
				</NamedMeasurement>
				<NamedMeasurement type="text/string" name="Environment">
					<Value>#CTEST_RESOURCE_GROUP_COUNT=</Value>
				</NamedMeasurement>
				<Measurement>
					<Value></Value>
				</Measurement>
			</Results>
		</Test>
		<Test Status="passed">
			<Name>check_wrap_around</Name>
			<Path>.</Path>
			<FullName>./check_wrap_around</FullName>
			<FullCommandLine>C:\Users\alist\OneDrive\Documents\Github\fifo_buffer\build\check_wrap_around.exe</FullCommandLine>
			<Results>
				<NamedMeasurement type="numeric/double" name="Execution Time">
					<Value>0.103101</Value>
				</NamedMeasurement>
				<NamedMeasurement type="numeric/double" name="Processors">
					<Value>1</Value>
				</NamedMeasurement>
				<NamedMeasurement type="text/string" name="Completion Status">
					<Value>Completed</Value>
				</NamedMeasurement>
				<NamedMeasurement type="text/string" name="Command Line">
					<Value>C:\Users\alist\OneDrive\Documents\Github\fifo_buffer\build\check_wrap_around.exe</Value>
				</NamedMeasurement>
				<NamedMeasurement type="text/string" name="Environment">
					<Value>#CTEST_RESOURCE_GROUP_COUNT=</Value>
				</NamedMeasurement>
				<Measurement>
					<Value>set pointer to last position then increment to check for wrap around
002BAAE0
002BA6E0
002BA6E0
</Value>
				</Measurement>
			</Results>
		</Test>
		<Test Status="passed">
			<Name>check_buffer_full</Name>
			<Path>.</Path>
			<FullName>./check_buffer_full</FullName>
			<FullCommandLine>C:\Users\alist\OneDrive\Documents\Github\fifo_buffer\build\check_wrap_around.exe</FullCommandLine>
			<Results>
				<NamedMeasurement type="numeric/double" name="Execution Time">
					<Value>0.0729013</Value>
				</NamedMeasurement>
				<NamedMeasurement type="numeric/double" name="Processors">
					<Value>1</Value>
				</NamedMeasurement>
				<NamedMeasurement type="text/string" name="Completion Status">
					<Value>Completed</Value>
				</NamedMeasurement>
				<NamedMeasurement type="text/string" name="Command Line">
					<Value>C:\Users\alist\OneDrive\Documents\Github\fifo_buffer\build\check_wrap_around.exe</Value>
				</NamedMeasurement>
				<NamedMeasurement type="text/string" name="Environment">
					<Value>#CTEST_RESOURCE_GROUP_COUNT=</Value>
				</NamedMeasurement>
				<Measurement>
					<Value>set pointer to last position then increment to check for wrap around
002BAAE0
002BA6E0
002BA6E0
</Value>
				</Measurement>
			</Results>
		</Test>
		<Test Status="passed">
			<Name>check_buf_len_1</Name>
			<Path>.</Path>
			<FullName>./check_buf_len_1</FullName>
			<FullCommandLine>C:\Users\alist\OneDrive\Documents\Github\fifo_buffer\build\check_buf_len_1.exe</FullCommandLine>
			<Results>
				<NamedMeasurement type="numeric/double" name="Execution Time">
					<Value>0.0678907</Value>
				</NamedMeasurement>
				<NamedMeasurement type="numeric/double" name="Processors">
					<Value>1</Value>
				</NamedMeasurement>
				<NamedMeasurement type="text/string" name="Completion Status">
					<Value>Completed</Value>
				</NamedMeasurement>
				<NamedMeasurement type="text/string" name="Command Line">
					<Value>C:\Users\alist\OneDrive\Documents\Github\fifo_buffer\build\check_buf_len_1.exe</Value>
				</NamedMeasurement>
				<NamedMeasurement type="text/string" name="Environment">
					<Value>#CTEST_RESOURCE_GROUP_COUNT=</Value>
				</NamedMeasurement>
				<Measurement>
					<Value>002AA6A8
002AA6A0
</Value>
				</Measurement>
			</Results>
		</Test>
		<Test Status="passed">
			<Name>check_buf_len_2</Name>
			<Path>.</Path>
			<FullName>./check_buf_len_2</FullName>
			<FullCommandLine>C:\Users\alist\OneDrive\Documents\Github\fifo_buffer\build\check_buf_len_2.exe</FullCommandLine>
			<Results>
				<NamedMeasurement type="numeric/double" name="Execution Time">
					<Value>0.0411399</Value>
				</NamedMeasurement>
				<NamedMeasurement type="numeric/double" name="Processors">
					<Value>1</Value>
				</NamedMeasurement>
				<NamedMeasurement type="text/string" name="Completion Status">
					<Value>Completed</Value>
				</NamedMeasurement>
				<NamedMeasurement type="text/string" name="Command Line">
					<Value>C:\Users\alist\OneDrive\Documents\Github\fifo_buffer\build\check_buf_len_2.exe</Value>
				</NamedMeasurement>
				<NamedMeasurement type="text/string" name="Environment">
					<Value>#CTEST_RESOURCE_GROUP_COUNT=</Value>
				</NamedMeasurement>
				<Measurement>
					<Value>007CA6A8
007CA6A0
</Value>
				</Measurement>
			</Results>
		</Test>
		<EndDateTime>Feb 06 09:45 GMT Standard Time</EndDateTime>
		<EndTestTime>1675676722</EndTestTime>
		<ElapsedMinutes>0</ElapsedMinutes>
	</Testing>
</Site>
